This file contains any messages produced by compilers while
running configure, to aid debugging if configure makes a mistake.

It was created by configure, which was
generated by GNU Autoconf 2.63.  Invocation command line was

  $ ./configure --with-php-config=/usr/local/php/bin/php-config

## --------- ##
## Platform. ##
## --------- ##

hostname = iforever
uname -m = x86_64
uname -r = 2.6.32-431.el6.x86_64
uname -s = Linux
uname -v = #1 SMP Fri Nov 22 03:15:09 UTC 2013

/usr/bin/uname -p = unknown
/bin/uname -X     = unknown

/bin/arch              = x86_64
/usr/bin/arch -k       = unknown
/usr/convex/getsysinfo = unknown
/usr/bin/hostinfo      = unknown
/bin/machine           = unknown
/usr/bin/oslevel       = unknown
/bin/universe          = unknown

PATH: /usr/lib64/qt-3.3/bin
PATH: /usr/local/sbin
PATH: /usr/local/bin
PATH: /usr/sbin
PATH: /usr/bin
PATH: /sbin
PATH: /bin
PATH: /usr/games
PATH: /usr/local/ruby/bin
PATH: /home/yanruitao/bin


## ----------- ##
## Core tests. ##
## ----------- ##

configure:1981: checking for grep that handles long lines and -e
configure:2041: result: /bin/grep
configure:2046: checking for egrep
configure:2110: result: /bin/grep -E
configure:2115: checking for a sed that does not truncate output
configure:2169: result: /bin/sed
configure:2301: checking for cc
configure:2317: found /usr/bin/cc
configure:2328: result: cc
configure:2362: checking for C compiler version
configure:2370: cc --version >&5
cc (GCC) 4.4.7 20120313 (Red Hat 4.4.7-11)
Copyright (C) 2010 Free Software Foundation, Inc.
This is free software; see the source for copying conditions.  There is NO
warranty; not even for MERCHANTABILITY or FITNESS FOR A PARTICULAR PURPOSE.

configure:2374: $? = 0
configure:2381: cc -v >&5
Using built-in specs.
Target: x86_64-redhat-linux
Configured with: ../configure --prefix=/usr --mandir=/usr/share/man --infodir=/usr/share/info --with-bugurl=http://bugzilla.redhat.com/bugzilla --enable-bootstrap --enable-shared --enable-threads=posix --enable-checking=release --with-system-zlib --enable-__cxa_atexit --disable-libunwind-exceptions --enable-gnu-unique-object --enable-languages=c,c++,objc,obj-c++,java,fortran,ada --enable-java-awt=gtk --disable-dssi --with-java-home=/usr/lib/jvm/java-1.5.0-gcj-1.5.0.0/jre --enable-libgcj-multifile --enable-java-maintainer-mode --with-ecj-jar=/usr/share/java/eclipse-ecj.jar --disable-libjava-multilib --with-ppl --with-cloog --with-tune=generic --with-arch_32=i686 --build=x86_64-redhat-linux
Thread model: posix
gcc version 4.4.7 20120313 (Red Hat 4.4.7-11) (GCC) 
configure:2385: $? = 0
configure:2392: cc -V >&5
cc: '-V' option must have argument
configure:2396: $? = 1
configure:2419: checking for C compiler default output file name
configure:2441: cc    conftest.c  >&5
configure:2445: $? = 0
configure:2483: result: a.out
configure:2502: checking whether the C compiler works
configure:2512: ./a.out
configure:2516: $? = 0
configure:2535: result: yes
configure:2542: checking whether we are cross compiling
configure:2544: result: no
configure:2547: checking for suffix of executables
configure:2554: cc -o conftest    conftest.c  >&5
configure:2558: $? = 0
configure:2584: result: 
configure:2590: checking for suffix of object files
configure:2616: cc -c   conftest.c >&5
configure:2620: $? = 0
configure:2645: result: o
configure:2649: checking whether we are using the GNU C compiler
configure:2678: cc -c   conftest.c >&5
configure:2685: $? = 0
configure:2702: result: yes
configure:2711: checking whether cc accepts -g
configure:2741: cc -c -g  conftest.c >&5
configure:2748: $? = 0
configure:2849: result: yes
configure:2866: checking for cc option to accept ISO C89
configure:2940: cc  -c -g -O2  conftest.c >&5
configure:2947: $? = 0
configure:2970: result: none needed
configure:2994: checking how to run the C preprocessor
configure:3034: cc -E  conftest.c
configure:3041: $? = 0
configure:3072: cc -E  conftest.c
conftest.c:8:28: error: ac_nonexistent.h: No such file or directory
configure:3079: $? = 1
configure: failed program was:
| /* confdefs.h.  */
| #define PACKAGE_NAME ""
| #define PACKAGE_TARNAME ""
| #define PACKAGE_VERSION ""
| #define PACKAGE_STRING ""
| #define PACKAGE_BUGREPORT ""
| /* end confdefs.h.  */
| #include <ac_nonexistent.h>
configure:3112: result: cc -E
configure:3141: cc -E  conftest.c
configure:3148: $? = 0
configure:3179: cc -E  conftest.c
conftest.c:8:28: error: ac_nonexistent.h: No such file or directory
configure:3186: $? = 1
configure: failed program was:
| /* confdefs.h.  */
| #define PACKAGE_NAME ""
| #define PACKAGE_TARNAME ""
| #define PACKAGE_VERSION ""
| #define PACKAGE_STRING ""
| #define PACKAGE_BUGREPORT ""
| /* end confdefs.h.  */
| #include <ac_nonexistent.h>
configure:3228: checking for icc
configure:3241: result: no
configure:3255: checking for suncc
configure:3268: result: no
configure:3286: checking whether cc understands -c and -o together
configure:3318: cc -c conftest.c -o conftest2.o >&5
configure:3322: $? = 0
configure:3328: cc -c conftest.c -o conftest2.o >&5
configure:3332: $? = 0
configure:3387: result: yes
configure:3403: checking for system library directory
configure:3418: result: lib
configure:3425: checking if compiler supports -R
configure:3454: cc -o conftest -g -O2   conftest.c -R /usr/lib  >&5
cc: unrecognized option '-R'
/usr/lib: file not recognized: Is a directory
collect2: ld returned 1 exit status
configure:3461: $? = 1
configure: failed program was:
| /* confdefs.h.  */
| #define PACKAGE_NAME ""
| #define PACKAGE_TARNAME ""
| #define PACKAGE_VERSION ""
| #define PACKAGE_STRING ""
| #define PACKAGE_BUGREPORT ""
| /* end confdefs.h.  */
| 
| int
| main ()
| {
| 
|   ;
|   return 0;
| }
configure:3483: result: no
configure:3488: checking if compiler supports -Wl,-rpath,
configure:3517: cc -o conftest -g -O2   conftest.c -Wl,-rpath,/usr/lib  >&5
configure:3524: $? = 0
configure:3546: result: yes
configure:3595: checking build system type
configure:3613: result: x86_64-unknown-linux-gnu
configure:3635: checking host system type
configure:3650: result: x86_64-unknown-linux-gnu
configure:3672: checking target system type
configure:3687: result: x86_64-unknown-linux-gnu
configure:3796: checking for PHP prefix
configure:3798: result: /usr/local/php
configure:3800: checking for PHP includes
configure:3802: result: -I/usr/local/php/include/php -I/usr/local/php/include/php/main -I/usr/local/php/include/php/TSRM -I/usr/local/php/include/php/Zend -I/usr/local/php/include/php/ext -I/usr/local/php/include/php/ext/date/lib
configure:3804: checking for PHP extension directory
configure:3806: result: /usr/local/php/lib/php/extensions/debug-non-zts-20100525
configure:3808: checking for PHP installed headers prefix
configure:3810: result: /usr/local/php/include/php
configure:3813: checking if debug is enabled
configure:3843: result: yes
configure:3846: checking if zts is enabled
configure:3876: result: yes
configure:3947: checking for re2c
configure:3977: result: no
configure:4002: WARNING: You will need re2c 0.13.4 or later if you want to regenerate PHP parsers.
configure:4016: checking for gawk
configure:4033: found /usr/bin/gawk
configure:4044: result: gawk
configure:4094: checking for mylogs support
configure:4134: result: yes, shared
configure:4536: checking for ld used by cc
configure:4603: result: /usr/bin/ld
configure:4612: checking if the linker (/usr/bin/ld) is GNU ld
configure:4627: result: yes
configure:4632: checking for /usr/bin/ld option to reload object files
configure:4639: result: -r
configure:4657: checking for BSD-compatible nm
configure:4706: result: /usr/bin/nm -B
configure:4710: checking whether ln -s works
configure:4717: result: no, using ln
configure:4721: checking how to recognize dependent libraries
configure:4907: result: pass_all
configure:4992: cc -c -g  -O0  conftest.c >&5
configure:4995: $? = 0
configure:5148: checking for ANSI C header files
configure:5178: cc -c -g  -O0  conftest.c >&5
configure:5185: $? = 0
configure:5284: cc -o conftest -g  -O0   conftest.c  >&5
configure:5288: $? = 0
configure:5294: ./conftest
configure:5298: $? = 0
configure:5316: result: yes
configure:5340: checking for sys/types.h
configure:5361: cc -c -g  -O0  conftest.c >&5
configure:5368: $? = 0
configure:5385: result: yes
configure:5340: checking for sys/stat.h
configure:5361: cc -c -g  -O0  conftest.c >&5
configure:5368: $? = 0
configure:5385: result: yes
configure:5340: checking for stdlib.h
configure:5361: cc -c -g  -O0  conftest.c >&5
configure:5368: $? = 0
configure:5385: result: yes
configure:5340: checking for string.h
configure:5361: cc -c -g  -O0  conftest.c >&5
configure:5368: $? = 0
configure:5385: result: yes
configure:5340: checking for memory.h
configure:5361: cc -c -g  -O0  conftest.c >&5
configure:5368: $? = 0
configure:5385: result: yes
configure:5340: checking for strings.h
configure:5361: cc -c -g  -O0  conftest.c >&5
configure:5368: $? = 0
configure:5385: result: yes
configure:5340: checking for inttypes.h
configure:5361: cc -c -g  -O0  conftest.c >&5
configure:5368: $? = 0
configure:5385: result: yes
configure:5340: checking for stdint.h
configure:5361: cc -c -g  -O0  conftest.c >&5
configure:5368: $? = 0
configure:5385: result: yes
configure:5340: checking for unistd.h
configure:5361: cc -c -g  -O0  conftest.c >&5
configure:5368: $? = 0
configure:5385: result: yes
configure:5415: checking dlfcn.h usability
configure:5432: cc -c -g  -O0  conftest.c >&5
configure:5439: $? = 0
configure:5453: result: yes
configure:5457: checking dlfcn.h presence
configure:5472: cc -E  conftest.c
configure:5479: $? = 0
configure:5493: result: yes
configure:5521: checking for dlfcn.h
configure:5530: result: yes
configure:5557: checking the maximum length of command line arguments
configure:5669: result: 1966080
configure:5681: checking command to parse /usr/bin/nm -B output from cc object
configure:5786: cc -c -g  -O0  conftest.c >&5
configure:5789: $? = 0
configure:5793: /usr/bin/nm -B conftest.o \| sed -n -e 's/^.*[ 	]\([ABCDGIRSTW][ABCDGIRSTW]*\)[ 	][ 	]*\([_A-Za-z][_A-Za-z0-9]*\)$/\1 \2 \2/p' \> conftest.nm
configure:5796: $? = 0
configure:5848: cc -o conftest -g  -O0   conftest.c conftstm.o >&5
configure:5851: $? = 0
configure:5889: result: ok
configure:5893: checking for objdir
configure:5908: result: .libs
configure:6000: checking for ar
configure:6016: found /usr/bin/ar
configure:6027: result: ar
configure:6092: checking for ranlib
configure:6108: found /usr/bin/ranlib
configure:6119: result: ranlib
configure:6184: checking for strip
configure:6200: found /usr/bin/strip
configure:6211: result: strip
configure:6780: checking if cc supports -fno-rtti -fno-exceptions
configure:6798: cc -c -g  -O0  -fno-rtti -fno-exceptions conftest.c >&5
cc1: warning: command line option "-fno-rtti" is valid for C++/ObjC++ but not for C
configure:6802: $? = 0
configure:6815: result: no
configure:6830: checking for cc option to produce PIC
configure:7070: result: -fPIC
configure:7078: checking if cc PIC flag -fPIC works
configure:7096: cc -c -g  -O0  -fPIC -DPIC conftest.c >&5
configure:7100: $? = 0
configure:7113: result: yes
configure:7141: checking if cc static flag -static works
configure:7169: result: no
configure:7179: checking if cc supports -c -o file.o
configure:7200: cc -c -g  -O0  -o out/conftest2.o conftest.c >&5
configure:7204: $? = 0
configure:7226: result: yes
configure:7252: checking whether the cc linker (/usr/bin/ld -m elf_x86_64) supports shared libraries
configure:8180: result: yes
configure:8201: checking whether -lc should be explicitly linked in
configure:8206: cc -c -g  -O0  conftest.c >&5
configure:8209: $? = 0
configure:8224: cc -shared conftest.o  -v -Wl,-soname -Wl,conftest -o conftest 2\>\&1 \| grep  -lc  \>/dev/null 2\>\&1
configure:8227: $? = 0
configure:8239: result: no
configure:8247: checking dynamic linker characteristics
configure:8845: result: GNU/Linux ld.so
configure:8869: checking how to hardcode library paths into programs
configure:8894: result: immediate
configure:8908: checking whether stripping libraries is possible
configure:8913: result: yes
configure:9743: checking if libtool supports shared libraries
configure:9745: result: yes
configure:9748: checking whether to build shared libraries
configure:9769: result: yes
configure:9772: checking whether to build static libraries
configure:9776: result: no
configure:9871: result:
creating libtool
configure:13568: creating ./config.status

## ---------------------- ##
## Running config.status. ##
## ---------------------- ##

This file was extended by config.status, which was
generated by GNU Autoconf 2.63.  Invocation command line was

  CONFIG_FILES    = 
  CONFIG_HEADERS  = 
  CONFIG_LINKS    = 
  CONFIG_COMMANDS = 
  $ ./config.status 

on iforever

config.status:606: creating config.h

## ---------------- ##
## Cache variables. ##
## ---------------- ##

ac_cv_build=x86_64-unknown-linux-gnu
ac_cv_c_compiler_gnu=yes
ac_cv_env_CC_set=
ac_cv_env_CC_value=
ac_cv_env_CFLAGS_set=
ac_cv_env_CFLAGS_value=
ac_cv_env_CPPFLAGS_set=
ac_cv_env_CPPFLAGS_value=
ac_cv_env_CPP_set=
ac_cv_env_CPP_value=
ac_cv_env_LDFLAGS_set=
ac_cv_env_LDFLAGS_value=
ac_cv_env_LIBS_set=
ac_cv_env_LIBS_value=
ac_cv_env_build_alias_set=
ac_cv_env_build_alias_value=
ac_cv_env_host_alias_set=
ac_cv_env_host_alias_value=
ac_cv_env_target_alias_set=
ac_cv_env_target_alias_value=
ac_cv_header_dlfcn_h=yes
ac_cv_header_inttypes_h=yes
ac_cv_header_memory_h=yes
ac_cv_header_stdc=yes
ac_cv_header_stdint_h=yes
ac_cv_header_stdlib_h=yes
ac_cv_header_string_h=yes
ac_cv_header_strings_h=yes
ac_cv_header_sys_stat_h=yes
ac_cv_header_sys_types_h=yes
ac_cv_header_unistd_h=yes
ac_cv_host=x86_64-unknown-linux-gnu
ac_cv_objext=o
ac_cv_path_EGREP='/bin/grep -E'
ac_cv_path_GREP=/bin/grep
ac_cv_prog_AWK=gawk
ac_cv_prog_CPP='cc -E'
ac_cv_prog_ac_ct_AR=ar
ac_cv_prog_ac_ct_CC=cc
ac_cv_prog_ac_ct_RANLIB=ranlib
ac_cv_prog_ac_ct_STRIP=strip
ac_cv_prog_cc_c89=
ac_cv_prog_cc_cc_c_o=yes
ac_cv_prog_cc_g=yes
ac_cv_target=x86_64-unknown-linux-gnu
lt_cv_deplibs_check_method=pass_all
lt_cv_file_magic_cmd='$MAGIC_CMD'
lt_cv_file_magic_test_file=
lt_cv_ld_reload_flag=-r
lt_cv_objdir=.libs
lt_cv_path_LD=/usr/bin/ld
lt_cv_path_NM='/usr/bin/nm -B'
lt_cv_path_SED=/bin/sed
lt_cv_prog_compiler_c_o=yes
lt_cv_prog_compiler_pic_works=yes
lt_cv_prog_compiler_rtti_exceptions=no
lt_cv_prog_compiler_static_works=no
lt_cv_prog_gnu_ld=yes
lt_cv_sys_global_symbol_pipe='sed -n -e '\''s/^.*[ 	]\([ABCDGIRSTW][ABCDGIRSTW]*\)[ 	][ 	]*\([_A-Za-z][_A-Za-z0-9]*\)$/\1 \2 \2/p'\'''
lt_cv_sys_global_symbol_to_c_name_address='sed -n -e '\''s/^: \([^ ]*\) $/  {\"\1\", (lt_ptr) 0},/p'\'' -e '\''s/^[BCDEGRST] \([^ ]*\) \([^ ]*\)$/  {"\2", (lt_ptr) \&\2},/p'\'''
lt_cv_sys_global_symbol_to_cdecl='sed -n -e '\''s/^. .* \(.*\)$/extern int \1;/p'\'''
lt_cv_sys_lib_dlsearch_path_spec='/lib /usr/lib /usr/lib64/mysql /usr/lib64/qt-3.3/lib /usr/lib64/xulrunner '
lt_cv_sys_lib_search_path_spec='/usr/lib/gcc/x86_64-redhat-linux/4.4.7 /usr/lib64 /lib64'
lt_cv_sys_max_cmd_len=1966080
lt_lt_cv_prog_compiler_c_o='"yes"'
lt_lt_cv_sys_global_symbol_pipe='"sed -n -e '\''s/^.*[ 	]\\([ABCDGIRSTW][ABCDGIRSTW]*\\)[ 	][ 	]*\\([_A-Za-z][_A-Za-z0-9]*\\)\$/\\1 \\2 \\2/p'\''"'
lt_lt_cv_sys_global_symbol_to_c_name_address='"sed -n -e '\''s/^: \\([^ ]*\\) \$/  {\\\"\\1\\\", (lt_ptr) 0},/p'\'' -e '\''s/^[BCDEGRST] \\([^ ]*\\) \\([^ ]*\\)\$/  {\"\\2\", (lt_ptr) \\&\\2},/p'\''"'
lt_lt_cv_sys_global_symbol_to_cdecl='"sed -n -e '\''s/^. .* \\(.*\\)\$/extern int \\1;/p'\''"'
php_cv_cc_dashr=no
php_cv_cc_rpath=yes

## ----------------- ##
## Output variables. ##
## ----------------- ##

AR='ar'
AWK='gawk'
CC='cc'
CFLAGS='-g  -O0'
CONFIGURE_COMMAND=' '\''./configure'\''  '\''--with-php-config=/usr/local/php/bin/php-config'\'''
CONFIGURE_OPTIONS=' '\''--with-php-config=/usr/local/php/bin/php-config'\'''
CPP='cc -E'
CPPFLAGS=' -DHAVE_CONFIG_H'
DEFS='-DHAVE_CONFIG_H'
DSYMUTIL=''
ECHO='echo'
ECHO_C=''
ECHO_N='-n'
ECHO_T=''
EGREP='/bin/grep -E'
EXEEXT=''
GREP='/bin/grep'
LDFLAGS=''
LIBOBJS=''
LIBS=''
LIBTOOL='$(SHELL) $(top_builddir)/libtool'
LN_S='ln'
LTLIBOBJS=''
NMEDIT=''
OBJEXT='o'
PACKAGE_BUGREPORT=''
PACKAGE_NAME=''
PACKAGE_STRING=''
PACKAGE_TARNAME=''
PACKAGE_VERSION=''
PATH_SEPARATOR=':'
RANLIB='ranlib'
RE2C='exit 0;'
SED='/bin/sed'
SHELL='/bin/sh'
SHLIB_DL_SUFFIX_NAME='so'
SHLIB_SUFFIX_NAME='so'
STRIP='strip'
ac_ct_CC='cc'
bindir='${exec_prefix}/bin'
build='x86_64-unknown-linux-gnu'
build_alias=''
build_cpu='x86_64'
build_os='linux-gnu'
build_vendor='unknown'
datadir='${datarootdir}'
datarootdir='${prefix}/share'
docdir='${datarootdir}/doc/${PACKAGE}'
dvidir='${docdir}'
exec_prefix='$(prefix)'
host='x86_64-unknown-linux-gnu'
host_alias='x86_64-unknown-linux-gnu'
host_cpu='x86_64'
host_os='linux-gnu'
host_vendor='unknown'
htmldir='${docdir}'
includedir='${prefix}/include'
infodir='${datarootdir}/info'
libdir='${exec_prefix}/lib'
libexecdir='${exec_prefix}/libexec'
localedir='${datarootdir}/locale'
localstatedir='${prefix}/var'
mandir='${datarootdir}/man'
oldincludedir='/usr/include'
pdfdir='${docdir}'
prefix='/usr/local/php'
program_transform_name='s,x,x,'
psdir='${docdir}'
sbindir='${exec_prefix}/sbin'
sharedstatedir='${prefix}/com'
sysconfdir='${prefix}/etc'
target='x86_64-unknown-linux-gnu'
target_alias=''
target_cpu='x86_64'
target_os='linux-gnu'
target_vendor='unknown'

## ----------- ##
## confdefs.h. ##
## ----------- ##

#define PACKAGE_NAME ""
#define PACKAGE_TARNAME ""
#define PACKAGE_VERSION ""
#define PACKAGE_STRING ""
#define PACKAGE_BUGREPORT ""
#define COMPILE_DL_MYLOGS 1
#define STDC_HEADERS 1
#define HAVE_SYS_TYPES_H 1
#define HAVE_SYS_STAT_H 1
#define HAVE_STDLIB_H 1
#define HAVE_STRING_H 1
#define HAVE_MEMORY_H 1
#define HAVE_STRINGS_H 1
#define HAVE_INTTYPES_H 1
#define HAVE_STDINT_H 1
#define HAVE_UNISTD_H 1
#define HAVE_DLFCN_H 1

configure: exit 0
